<?xml version="1.0" encoding="UTF-8"?>
<!-- Generated by org.testng.reporters.JUnitXMLReporter -->
<testsuite ignored="1" hostname="Shubham" failures="0" tests="2" name="Test" time="15.407" errors="0" timestamp="2025-01-03T01:10:53 IST">
  <testcase classname="testCases.TC_LoginTest" name="verify_login" time="2.115"/>
  <testcase classname="testCases.TC_AccountRegistrationTest" name="verify_account_registration" time="2.911"/>
  <testcase classname="testCases.TC_LoginDDT" name="verify_loginDDT" time="0.0">
    <ignored/>
  </testcase> <!-- verify_loginDDT -->
</testsuite> <!-- Test -->
