<?xml version="1.0" encoding="UTF-8"?>
<testng-results ignored="0" total="2" passed="2" failed="0" skipped="0">
  <reporter-output>
  </reporter-output>
  <suite started-at="2025-01-03T18:23:54 IST" name="Suite" finished-at="2025-01-03T18:24:15 IST" duration-ms="20709">
    <groups>
      <group name="Master">
        <method signature="TC_AccountRegistrationTest.verify_account_registration()[pri:0, instance:testCases.TC_AccountRegistrationTest@c94fd30]" name="verify_account_registration" class="testCases.TC_AccountRegistrationTest"/>
        <method signature="TC_LoginTest.verify_login()[pri:0, instance:testCases.TC_LoginTest@524f3b3a]" name="verify_login" class="testCases.TC_LoginTest"/>
      </group> <!-- Master -->
      <group name="Sanity">
        <method signature="TC_LoginTest.verify_login()[pri:0, instance:testCases.TC_LoginTest@524f3b3a]" name="verify_login" class="testCases.TC_LoginTest"/>
      </group> <!-- Sanity -->
      <group name="Regression">
        <method signature="TC_AccountRegistrationTest.verify_account_registration()[pri:0, instance:testCases.TC_AccountRegistrationTest@c94fd30]" name="verify_account_registration" class="testCases.TC_AccountRegistrationTest"/>
      </group> <!-- Regression -->
    </groups>
    <test started-at="2025-01-03T18:23:54 IST" name="Test" finished-at="2025-01-03T18:24:15 IST" duration-ms="20709">
      <class name="testCases.TC_AccountRegistrationTest">
        <test-method is-config="true" signature="setup(java.lang.String,java.lang.String)[pri:0, instance:testCases.TC_AccountRegistrationTest@c94fd30]" started-at="2025-01-03T18:23:55 IST" name="setup" finished-at="2025-01-03T18:24:01 IST" duration-ms="5890" status="PASS">
          <params>
            <param index="0">
              <value>
                <![CDATA[edge]]>
              </value>
            </param>
            <param index="1">
              <value>
                <![CDATA[Windows]]>
              </value>
            </param>
          </params>
          <reporter-output>
          </reporter-output>
        </test-method> <!-- setup -->
        <test-method signature="verify_account_registration()[pri:0, instance:testCases.TC_AccountRegistrationTest@c94fd30]" started-at="2025-01-03T18:24:01 IST" name="verify_account_registration" finished-at="2025-01-03T18:24:03 IST" duration-ms="2746" status="PASS">
          <reporter-output>
          </reporter-output>
        </test-method> <!-- verify_account_registration -->
        <test-method is-config="true" signature="tearDown()[pri:0, instance:testCases.TC_AccountRegistrationTest@c94fd30]" started-at="2025-01-03T18:24:03 IST" name="tearDown" finished-at="2025-01-03T18:24:05 IST" duration-ms="1349" status="PASS">
          <reporter-output>
          </reporter-output>
        </test-method> <!-- tearDown -->
      </class> <!-- testCases.TC_AccountRegistrationTest -->
      <class name="testCases.TC_LoginTest">
        <test-method is-config="true" signature="setup(java.lang.String,java.lang.String)[pri:0, instance:testCases.TC_LoginTest@524f3b3a]" started-at="2025-01-03T18:24:05 IST" name="setup" finished-at="2025-01-03T18:24:12 IST" duration-ms="7277" status="PASS">
          <params>
            <param index="0">
              <value>
                <![CDATA[edge]]>
              </value>
            </param>
            <param index="1">
              <value>
                <![CDATA[Windows]]>
              </value>
            </param>
          </params>
          <reporter-output>
          </reporter-output>
        </test-method> <!-- setup -->
        <test-method signature="verify_login()[pri:0, instance:testCases.TC_LoginTest@524f3b3a]" started-at="2025-01-03T18:24:12 IST" name="verify_login" finished-at="2025-01-03T18:24:14 IST" duration-ms="1772" status="PASS">
          <reporter-output>
          </reporter-output>
        </test-method> <!-- verify_login -->
        <test-method is-config="true" signature="tearDown()[pri:0, instance:testCases.TC_LoginTest@524f3b3a]" started-at="2025-01-03T18:24:14 IST" name="tearDown" finished-at="2025-01-03T18:24:15 IST" duration-ms="1440" status="PASS">
          <reporter-output>
          </reporter-output>
        </test-method> <!-- tearDown -->
      </class> <!-- testCases.TC_LoginTest -->
    </test> <!-- Test -->
  </suite> <!-- Suite -->
</testng-results>
