<?xml version="1.0" encoding="UTF-8"?>
<testng-results ignored="0" total="2" passed="2" failed="0" skipped="0">
  <reporter-output>
  </reporter-output>
  <suite started-at="2025-01-03T17:36:52 IST" name="Suite" finished-at="2025-01-03T17:37:13 IST" duration-ms="20219">
    <groups>
      <group name="Master">
        <method signature="TC_AccountRegistrationTest.verify_account_registration()[pri:0, instance:testCases.TC_AccountRegistrationTest@253d9f73]" name="verify_account_registration" class="testCases.TC_AccountRegistrationTest"/>
        <method signature="TC_LoginTest.verify_login()[pri:0, instance:testCases.TC_LoginTest@6aa3a905]" name="verify_login" class="testCases.TC_LoginTest"/>
      </group> <!-- Master -->
      <group name="Sanity">
        <method signature="TC_LoginTest.verify_login()[pri:0, instance:testCases.TC_LoginTest@6aa3a905]" name="verify_login" class="testCases.TC_LoginTest"/>
      </group> <!-- Sanity -->
      <group name="Regression">
        <method signature="TC_AccountRegistrationTest.verify_account_registration()[pri:0, instance:testCases.TC_AccountRegistrationTest@253d9f73]" name="verify_account_registration" class="testCases.TC_AccountRegistrationTest"/>
      </group> <!-- Regression -->
    </groups>
    <test started-at="2025-01-03T17:36:52 IST" name="Linux-Firefox" finished-at="2025-01-03T17:37:13 IST" duration-ms="20219">
      <class name="testCases.TC_AccountRegistrationTest">
        <test-method is-config="true" signature="setup(java.lang.String,java.lang.String)[pri:0, instance:testCases.TC_AccountRegistrationTest@253d9f73]" started-at="2025-01-03T17:36:53 IST" name="setup" finished-at="2025-01-03T17:37:00 IST" duration-ms="7426" status="PASS">
          <params>
            <param index="0">
              <value>
                <![CDATA[firefox]]>
              </value>
            </param>
            <param index="1">
              <value>
                <![CDATA[Linux]]>
              </value>
            </param>
          </params>
          <reporter-output>
          </reporter-output>
        </test-method> <!-- setup -->
        <test-method signature="verify_account_registration()[pri:0, instance:testCases.TC_AccountRegistrationTest@253d9f73]" started-at="2025-01-03T17:37:00 IST" name="verify_account_registration" finished-at="2025-01-03T17:37:03 IST" duration-ms="2922" status="PASS">
          <reporter-output>
          </reporter-output>
        </test-method> <!-- verify_account_registration -->
        <test-method is-config="true" signature="tearDown()[pri:0, instance:testCases.TC_AccountRegistrationTest@253d9f73]" started-at="2025-01-03T17:37:03 IST" name="tearDown" finished-at="2025-01-03T17:37:04 IST" duration-ms="973" status="PASS">
          <reporter-output>
          </reporter-output>
        </test-method> <!-- tearDown -->
      </class> <!-- testCases.TC_AccountRegistrationTest -->
      <class name="testCases.TC_LoginTest">
        <test-method is-config="true" signature="setup(java.lang.String,java.lang.String)[pri:0, instance:testCases.TC_LoginTest@6aa3a905]" started-at="2025-01-03T17:37:04 IST" name="setup" finished-at="2025-01-03T17:37:09 IST" duration-ms="5217" status="PASS">
          <params>
            <param index="0">
              <value>
                <![CDATA[firefox]]>
              </value>
            </param>
            <param index="1">
              <value>
                <![CDATA[Linux]]>
              </value>
            </param>
          </params>
          <reporter-output>
          </reporter-output>
        </test-method> <!-- setup -->
        <test-method signature="verify_login()[pri:0, instance:testCases.TC_LoginTest@6aa3a905]" started-at="2025-01-03T17:37:09 IST" name="verify_login" finished-at="2025-01-03T17:37:12 IST" duration-ms="2511" status="PASS">
          <reporter-output>
          </reporter-output>
        </test-method> <!-- verify_login -->
        <test-method is-config="true" signature="tearDown()[pri:0, instance:testCases.TC_LoginTest@6aa3a905]" started-at="2025-01-03T17:37:12 IST" name="tearDown" finished-at="2025-01-03T17:37:13 IST" duration-ms="856" status="PASS">
          <reporter-output>
          </reporter-output>
        </test-method> <!-- tearDown -->
      </class> <!-- testCases.TC_LoginTest -->
    </test> <!-- Linux-Firefox -->
  </suite> <!-- Suite -->
</testng-results>
